<?xml version="1.0" encoding="UTF-8"?>
<!-- Generated by org.testng.reporters.JUnitReportReporter -->
<testsuite hostname="Shreyul" failures="0" tests="2" name="myTest.LoginTest" time="30.411" errors="0" timestamp="2023-07-02T11:52:49 EDT" skipped="0">
  <testcase classname="myTest.LoginTest" name="verifyLoginPageTitleTest" time="13.628"/>
  <system-out/>
  <testcase classname="myTest.LoginTest" name="verifydoLoginTest" time="16.783"/>
  <system-out/>
</testsuite> <!-- myTest.LoginTest -->
