<?xml version="1.0" encoding="UTF-8"?>
<!-- Generated by org.testng.reporters.JUnitReportReporter -->
<testsuite hostname="Shreyul" failures="0" tests="2" name="myTest.LoginTest" time="24.756" errors="0" timestamp="2023-06-26T12:53:59 EDT" skipped="0">
  <testcase classname="myTest.LoginTest" name="verifyLoginPageTitleTest" time="7.770"/>
  <system-out/>
  <testcase classname="myTest.LoginTest" name="verifydoLoginTest" time="16.986"/>
  <system-out/>
</testsuite> <!-- myTest.LoginTest -->
