<?xml version="1.0" encoding="UTF-8"?>
<!-- Generated by org.testng.reporters.JUnitReportReporter -->
<testsuite hostname="Shreyul" failures="0" tests="4" name="myTest.HomeTest" time="58.015" errors="0" timestamp="2023-06-26T12:53:59 EDT" skipped="0">
  <testcase classname="myTest.HomeTest" name="verifyLogiHomePageTitleTest" time="19.080"/>
  <system-out/>
  <testcase classname="myTest.HomeTest" name="SavedPageTest" time="9.885"/>
  <system-out/>
  <testcase classname="myTest.HomeTest" name="FashionPageTest" time="10.382"/>
  <system-out/>
  <testcase classname="myTest.HomeTest" name="verifyCorrectuserNameTest" time="18.668"/>
  <system-out/>
</testsuite> <!-- myTest.HomeTest -->
