<?xml version="1.0" encoding="UTF-8"?>
<!-- Generated by org.testng.reporters.JUnitReportReporter -->
<testsuite hostname="Shreyul" failures="0" tests="4" name="myTest.HomeTest" time="58.656" errors="0" timestamp="2023-07-02T11:52:49 EDT" skipped="0">
  <testcase classname="myTest.HomeTest" name="FashionPageTest" time="8.120"/>
  <system-out/>
  <testcase classname="myTest.HomeTest" name="SavedPageTest" time="10.441"/>
  <system-out/>
  <testcase classname="myTest.HomeTest" name="verifyLogiHomePageTitleTest" time="18.466"/>
  <system-out/>
  <testcase classname="myTest.HomeTest" name="verifyCorrectuserNameTest" time="21.629"/>
  <system-out/>
</testsuite> <!-- myTest.HomeTest -->
